Using pre-set license
Built from '2020.3/staging' branch; Version is '2020.3.28f1 (f5400f52e03f) revision 16072719'; Using compiler version '192528614'; Build Type 'Release'
OS: 'Windows 11  (10.0.22000) 64bit Core' Language: 'en' Physical Memory: 8037 MB
BatchMode: 1, IsHumanControllingUs: 0, StartBugReporterOnCrash: 0, Is64bit: 1, IsPro: 0

COMMAND LINE ARGUMENTS:
C:\Program Files\Unity\Hub\Editor\2020.3.28f1\Editor\Unity.exe
-adb2
-batchMode
-noUpm
-name
AssetImportWorker0
-projectPath
C:/Users/Dhaval/Desktop/GTDProject/Guardian-TD/Guardian TD
-logFile
Logs/AssetImportWorker0.log
-srvPort
61179
Successfully changed project path to: C:/Users/Dhaval/Desktop/GTDProject/Guardian-TD/Guardian TD
C:/Users/Dhaval/Desktop/GTDProject/Guardian-TD/Guardian TD
Using Asset Import Pipeline V2.
Refreshing native plugins compatible for Editor in 107.42 ms, found 2 plugins.
Preloading 0 native plugins for Editor in 0.00 ms.
Initialize engine version: 2020.3.28f1 (f5400f52e03f)
[Subsystems] Discovering subsystems at path C:/Program Files/Unity/Hub/Editor/2020.3.28f1/Editor/Data/Resources/UnitySubsystems
[Subsystems] Discovering subsystems at path C:/Users/Dhaval/Desktop/GTDProject/Guardian-TD/Guardian TD/Assets
GfxDevice: creating device client; threaded=0
Direct3D:
    Version:  Direct3D 11.0 [level 11.1]
    Renderer: Intel(R) UHD Graphics 620 (ID=0x5917)
    Vendor:   
    VRAM:     4018 MB
    Driver:   23.20.16.5044
Initialize mono
Mono path[0] = 'C:/Program Files/Unity/Hub/Editor/2020.3.28f1/Editor/Data/Managed'
Mono path[1] = 'C:/Program Files/Unity/Hub/Editor/2020.3.28f1/Editor/Data/MonoBleedingEdge/lib/mono/unityjit'
Mono config path = 'C:/Program Files/Unity/Hub/Editor/2020.3.28f1/Editor/Data/MonoBleedingEdge/etc'
Using monoOptions --debugger-agent=transport=dt_socket,embedding=1,server=y,suspend=n,address=127.0.0.1:56272
Begin MonoManager ReloadAssembly
Registering precompiled unity dll's ...
Register platform support module: C:/Program Files/Unity/Hub/Editor/2020.3.28f1/Editor/Data/PlaybackEngines/WindowsStandaloneSupport/UnityEditor.WindowsStandalone.Extensions.dll
Registered in 0.002341 seconds.
Native extension for WindowsStandalone target not found
Refreshing native plugins compatible for Editor in 78.67 ms, found 2 plugins.
Preloading 0 native plugins for Editor in 0.00 ms.
Mono: successfully reloaded assembly
- Completed reload, in  1.025 seconds
Domain Reload Profiling:
	ReloadAssembly (1025ms)
		BeginReloadAssembly (107ms)
			ExecutionOrderSort (0ms)
			DisableScriptedObjects (0ms)
			BackupInstance (0ms)
			ReleaseScriptingObjects (0ms)
			CreateAndSetChildDomain (1ms)
		EndReloadAssembly (795ms)
			LoadAssemblies (104ms)
			RebuildTransferFunctionScriptingTraits (0ms)
			SetupTypeCache (260ms)
			ReleaseScriptCaches (0ms)
			RebuildScriptCaches (64ms)
			SetupLoadedEditorAssemblies (277ms)
				LogAssemblyErrors (0ms)
				InitializePlatformSupportModulesInManaged (7ms)
				SetLoadedEditorAssemblies (0ms)
				RefreshPlugins (79ms)
				BeforeProcessingInitializeOnLoad (13ms)
				ProcessInitializeOnLoadAttributes (134ms)
				ProcessInitializeOnLoadMethodAttributes (44ms)
				AfterProcessingInitializeOnLoad (0ms)
				EditorAssembliesLoaded (0ms)
			ExecutionOrderSort2 (0ms)
			AwakeInstancesAfterBackupRestoration (0ms)
Platform modules already initialized, skipping
Registering precompiled user dll's ...
Registered in 0.010681 seconds.
Begin MonoManager ReloadAssembly
Symbol file data-0000019DFD247A70 doesn't match image C:\Users\Dhaval\Desktop\GTDProject\Guardian-TD\Guardian TD\Library\ScriptAssemblies\Assembly-CSharp-firstpass.dll
Symbol file LoadedFromMemory is not a mono symbol file
Symbol file data-0000019DFD247A70 doesn't match image C:\Users\Dhaval\Desktop\GTDProject\Guardian-TD\Guardian TD\Library\ScriptAssemblies\Unity.VSCode.Editor.dll
Symbol file LoadedFromMemory is not a mono symbol file
Symbol file data-0000019DFF0CE010 doesn't match image C:\Users\Dhaval\Desktop\GTDProject\Guardian-TD\Guardian TD\Library\ScriptAssemblies\Unity.TextMeshPro.Editor.dll
Symbol file LoadedFromMemory is not a mono symbol file
Symbol file data-0000019DFF060640 doesn't match image C:\Users\Dhaval\Desktop\GTDProject\Guardian-TD\Guardian TD\Library\ScriptAssemblies\Unity.VisualStudio.Editor.dll
Symbol file LoadedFromMemory is not a mono symbol file
Symbol file data-0000019DFF0CE010 doesn't match image C:\Users\Dhaval\Desktop\GTDProject\Guardian-TD\Guardian TD\Library\ScriptAssemblies\UnityEngine.TestRunner.dll
Symbol file LoadedFromMemory is not a mono symbol file
Symbol file data-0000019DFF060640 doesn't match image C:\Users\Dhaval\Desktop\GTDProject\Guardian-TD\Guardian TD\Library\ScriptAssemblies\Unity.XR.Management.Editor.dll
Symbol file LoadedFromMemory is not a mono symbol file
Symbol file data-0000019DFF0CE010 doesn't match image C:\Users\Dhaval\Desktop\GTDProject\Guardian-TD\Guardian TD\Library\ScriptAssemblies\Unity.Timeline.dll
Symbol file LoadedFromMemory is not a mono symbol file
Symbol file data-0000019DFA457020 doesn't match image C:\Users\Dhaval\Desktop\GTDProject\Guardian-TD\Guardian TD\Library\ScriptAssemblies\Unity.TextMeshPro.dll
Symbol file LoadedFromMemory is not a mono symbol file
Symbol file data-0000019DFFC10AD0 doesn't match image C:\Users\Dhaval\Desktop\GTDProject\Guardian-TD\Guardian TD\Library\ScriptAssemblies\Unity.InternalAPIEditorBridge.005.dll
Symbol file LoadedFromMemory is not a mono symbol file
Symbol file data-0000019DFA485230 doesn't match image C:\Users\Dhaval\Desktop\GTDProject\Guardian-TD\Guardian TD\Library\ScriptAssemblies\UnityEditor.TestRunner.dll
Symbol file LoadedFromMemory is not a mono symbol file
Symbol file data-0000019DFF2DD380 doesn't match image C:\Users\Dhaval\Desktop\GTDProject\Guardian-TD\Guardian TD\Library\ScriptAssemblies\Unity.Subsystem.Registration.dll
Symbol file LoadedFromMemory is not a mono symbol file
Symbol file data-0000019DFF060640 doesn't match image C:\Users\Dhaval\Desktop\GTDProject\Guardian-TD\Guardian TD\Library\ScriptAssemblies\UnityEditor.UI.dll
Symbol file LoadedFromMemory is not a mono symbol file
Symbol file data-0000019DFDB66050 doesn't match image C:\Users\Dhaval\Desktop\GTDProject\Guardian-TD\Guardian TD\Library\ScriptAssemblies\Unity.PlasticSCM.Editor.dll
Symbol file LoadedFromMemory is not a mono symbol file
Symbol file data-0000019DFF44BC30 doesn't match image C:\Users\Dhaval\Desktop\GTDProject\Guardian-TD\Guardian TD\Library\ScriptAssemblies\Unity.Rider.Editor.dll
Symbol file LoadedFromMemory is not a mono symbol file
Symbol file data-0000019DFDB77C60 doesn't match image C:\Users\Dhaval\Desktop\GTDProject\Guardian-TD\Guardian TD\Library\ScriptAssemblies\UnityEngine.UI.dll
Symbol file LoadedFromMemory is not a mono symbol file
Symbol file data-0000019DFD249A80 doesn't match image C:\Users\Dhaval\Desktop\GTDProject\Guardian-TD\Guardian TD\Library\ScriptAssemblies\UnityEngine.SpatialTracking.dll
Symbol file LoadedFromMemory is not a mono symbol file
Symbol file data-0000019DFF44BC30 doesn't match image C:\Users\Dhaval\Desktop\GTDProject\Guardian-TD\Guardian TD\Library\ScriptAssemblies\Unity.Services.Core.Editor.dll
Symbol file LoadedFromMemory is not a mono symbol file
Symbol file data-0000019DFF0DC020 doesn't match image C:\Users\Dhaval\Desktop\GTDProject\Guardian-TD\Guardian TD\Library\ScriptAssemblies\UnityEngine.XR.LegacyInputHelpers.dll
Symbol file LoadedFromMemory is not a mono symbol file
Symbol file data-0000019DFDC94010 doesn't match image C:\Users\Dhaval\Desktop\GTDProject\Guardian-TD\Guardian TD\Library\ScriptAssemblies\Unity.Timeline.Editor.dll
Symbol file LoadedFromMemory is not a mono symbol file
Symbol file data-0000019DFF91AD10 doesn't match image C:\Users\Dhaval\Desktop\GTDProject\Guardian-TD\Guardian TD\Library\ScriptAssemblies\Unity.XR.ARSubsystems.Editor.dll
Symbol file LoadedFromMemory is not a mono symbol file
Symbol file data-0000019DFD529030 doesn't match image C:\Users\Dhaval\Desktop\GTDProject\Guardian-TD\Guardian TD\Library\ScriptAssemblies\UnityEditor.XR.LegacyInputHelpers.dll
Symbol file LoadedFromMemory is not a mono symbol file
Symbol file data-0000019DFF91AD10 doesn't match image C:\Users\Dhaval\Desktop\GTDProject\Guardian-TD\Guardian TD\Library\ScriptAssemblies\Unity.XR.Management.dll
Symbol file LoadedFromMemory is not a mono symbol file
Symbol file data-0000019DFEE88090 doesn't match image C:\Users\Dhaval\Desktop\GTDProject\Guardian-TD\Guardian TD\Library\ScriptAssemblies\Unity.CollabProxy.Editor.dll
Symbol file LoadedFromMemory is not a mono symbol file
Symbol file data-0000019DFDCB7220 doesn't match image C:\Users\Dhaval\Desktop\GTDProject\Guardian-TD\Guardian TD\Library\ScriptAssemblies\Unity.XR.ARSubsystems.dll
Symbol file LoadedFromMemory is not a mono symbol file
Symbol file data-0000019DFD1AB020 doesn't match image C:\Users\Dhaval\Desktop\GTDProject\Guardian-TD\Guardian TD\Library\ScriptAssemblies\Unity.XR.ARFoundation.Editor.dll
Symbol file LoadedFromMemory is not a mono symbol file
Symbol file data-0000019DFF5AB320 doesn't match image C:\Users\Dhaval\Desktop\GTDProject\Guardian-TD\Guardian TD\Library\ScriptAssemblies\UnityEditor.SpatialTracking.dll
Symbol file LoadedFromMemory is not a mono symbol file
Symbol file data-0000019DFDCB7220 doesn't match image C:\Users\Dhaval\Desktop\GTDProject\Guardian-TD\Guardian TD\Library\ScriptAssemblies\Unity.XR.ARFoundation.dll
Symbol file LoadedFromMemory is not a mono symbol file
Native extension for WindowsStandalone target not found
Refreshing native plugins compatible for Editor in 0.67 ms, found 2 plugins.
Preloading 0 native plugins for Editor in 0.00 ms.
Mono: successfully reloaded assembly
- Completed reload, in  1.527 seconds
Domain Reload Profiling:
	ReloadAssembly (1528ms)
		BeginReloadAssembly (233ms)
			ExecutionOrderSort (0ms)
			DisableScriptedObjects (6ms)
			BackupInstance (0ms)
			ReleaseScriptingObjects (0ms)
			CreateAndSetChildDomain (37ms)
		EndReloadAssembly (1202ms)
			LoadAssemblies (152ms)
			RebuildTransferFunctionScriptingTraits (0ms)
			SetupTypeCache (435ms)
			ReleaseScriptCaches (1ms)
			RebuildScriptCaches (68ms)
			SetupLoadedEditorAssemblies (420ms)
				LogAssemblyErrors (0ms)
				InitializePlatformSupportModulesInManaged (6ms)
				SetLoadedEditorAssemblies (1ms)
				RefreshPlugins (1ms)
				BeforeProcessingInitializeOnLoad (94ms)
				ProcessInitializeOnLoadAttributes (300ms)
				ProcessInitializeOnLoadMethodAttributes (13ms)
				AfterProcessingInitializeOnLoad (7ms)
				EditorAssembliesLoaded (0ms)
			ExecutionOrderSort2 (0ms)
			AwakeInstancesAfterBackupRestoration (8ms)
Platform modules already initialized, skipping
========================================================================
Worker process is ready to serve import requests
Launched and connected shader compiler UnityShaderCompiler.exe after 0.10 seconds
Refreshing native plugins compatible for Editor in 0.74 ms, found 2 plugins.
Preloading 0 native plugins for Editor in 0.00 ms.
Unloading 1962 Unused Serialized files (Serialized files now loaded: 0)
System memory in use before: 137.9 MB.
System memory in use after: 137.6 MB.

Unloading 25 unused Assets to reduce memory usage. Loaded Objects now: 2538.
Total: 4.855500 ms (FindLiveObjects: 0.292500 ms CreateObjectMapping: 0.120100 ms MarkObjects: 3.996100 ms  DeleteObjects: 0.445200 ms)

AssetImportParameters requested are different than current active one (requested -> active):
  custom:framework-win-MediaFoundation: 216162199b28c13a410421893ffa2e32 -> 
  custom:video-decoder-ogg-theora: a1e56fd34408186e4bbccfd4996cb3dc -> 
  custom:container-muxer-webm: aa71ff27fc2769a1b78a27578f13a17b -> 
  custom:container-demuxer-webm: 4f35f7cbe854078d1ac9338744f61a02 -> 
  custom:container-demuxer-ogg: 62fdf1f143b41e24485cea50d1cbac27 -> 
  custom:video-encoder-webm-vp8: eb34c28f22e8b96e1ab97ce403110664 -> 
  custom:video-codec-MediaFoundation-h265: 746d11721c4dcdbdad8f713fa42b33f4 -> 
  custom:video-decoder-webm-vp8: 9c59270c3fd7afecdb556c50c9e8de78 -> 
  custom:audio-decoder-ogg-vorbis: bf7c407c2cedff20999df2af8eb42d56 -> 
  custom:audio-encoder-webm-vorbis: bf7c407c2cedff20999df2af8eb42d56 -> 
========================================================================
Received Import Request.
  path: Assets/New Terrain 5.asset
  artifactKey: Guid(8ae6c798d6a604ef0896a28e8e885507) Importer(815301076,1909f56bfc062723c751e8b465ee728b)
Start importing Assets/New Terrain 5.asset using Guid(8ae6c798d6a604ef0896a28e8e885507) Importer(815301076,1909f56bfc062723c751e8b465ee728b)  -> (artifact id: 'f18ccec6145431c373dd83ad6582b807') in 0.448974 seconds 
  Import took 0.454692 seconds .

========================================================================
Received Import Request.
  Time since last request: 40.034064 seconds.
  path: Assets/Scenes/LoginMenu.unity
  artifactKey: Guid(7099b19d93c9e9c4ea270878a150d8d0) Importer(815301076,1909f56bfc062723c751e8b465ee728b)
Start importing Assets/Scenes/LoginMenu.unity using Guid(7099b19d93c9e9c4ea270878a150d8d0) Importer(815301076,1909f56bfc062723c751e8b465ee728b)  -> (artifact id: '3fe03a63fe814fd5c32b9edc901334ad') in 0.023693 seconds 
  Import took 0.036558 seconds .

========================================================================
Received Import Request.
  Time since last request: 186.520606 seconds.
  path: Assets/Scenes/HomeMenu.unity
  artifactKey: Guid(9fc0d4010bbf28b4594072e72b8655ab) Importer(815301076,1909f56bfc062723c751e8b465ee728b)
Start importing Assets/Scenes/HomeMenu.unity using Guid(9fc0d4010bbf28b4594072e72b8655ab) Importer(815301076,1909f56bfc062723c751e8b465ee728b)  -> (artifact id: '3b662be73e586106580e3db8ef1bdc78') in 0.015808 seconds 
  Import took 0.027039 seconds .

========================================================================
Received Import Request.
  Time since last request: 4395.906084 seconds.
  path: Assets/Scripts/Login.cs
  artifactKey: Guid(d16ac4177d9bae547b8abc6e1110119a) Importer(815301076,1909f56bfc062723c751e8b465ee728b)
Start importing Assets/Scripts/Login.cs using Guid(d16ac4177d9bae547b8abc6e1110119a) Importer(815301076,1909f56bfc062723c751e8b465ee728b)  -> (artifact id: '28a96ea2a271616422682be1ffffe5b0') in 0.022825 seconds 
  Import took 0.061980 seconds .

AssetImportWorkerClient::OnTransportError - code=2 error=End of file
